#! /opt/homebrew/Cellar/icarus-verilog/12.0/bin/vvp
:ivl_version "12.0 (stable)";
:ivl_delay_selection "TYPICAL";
:vpi_time_precision - 12;
:vpi_module "/opt/homebrew/Cellar/icarus-verilog/12.0/lib/ivl/system.vpi";
:vpi_module "/opt/homebrew/Cellar/icarus-verilog/12.0/lib/ivl/vhdl_sys.vpi";
:vpi_module "/opt/homebrew/Cellar/icarus-verilog/12.0/lib/ivl/vhdl_textio.vpi";
:vpi_module "/opt/homebrew/Cellar/icarus-verilog/12.0/lib/ivl/v2005_math.vpi";
:vpi_module "/opt/homebrew/Cellar/icarus-verilog/12.0/lib/ivl/va_math.vpi";
S_0x159817dd0 .scope module, "FloatMul8_tb" "FloatMul8_tb" 2 3;
 .timescale -9 -12;
v0x159834ba0_0 .var "clock", 0 0;
v0x159834c30_0 .var "io_a", 7 0;
v0x159834cc0_0 .var "io_b", 7 0;
v0x159834d50_0 .net "io_c", 7 0, L_0x159837c80;  1 drivers
v0x159834e00_0 .var "reset", 0 0;
S_0x15981a580 .scope module, "uut" "FloatMul8" 2 11, 3 1 0, S_0x159817dd0;
 .timescale 0 0;
    .port_info 0 /INPUT 1 "clock";
    .port_info 1 /INPUT 1 "reset";
    .port_info 2 /INPUT 8 "io_a";
    .port_info 3 /INPUT 8 "io_b";
    .port_info 4 /OUTPUT 8 "io_c";
L_0x1598354a0 .functor XOR 1, L_0x159834ed0, L_0x1598351d0, C4<0>, C4<0>;
L_0x1598370c0 .functor OR 1, L_0x1598373d0, L_0x159837570, C4<0>, C4<0>;
L_0x1598379c0 .functor OR 1, L_0x159836af0, L_0x1598369f0, C4<0>, C4<0>;
L_0x159837b90 .functor OR 1, L_0x159836910, L_0x1598367c0, C4<0>, C4<0>;
v0x159817a60_0 .net "_GEN_0", 7 0, L_0x159837610;  1 drivers
v0x159831ef0_0 .net "_GEN_1", 7 0, L_0x159837800;  1 drivers
v0x159831f90_0 .net "_GEN_2", 7 0, L_0x159837a70;  1 drivers
v0x159832040_0 .net "_GEN_4", 5 0, L_0x159836720;  1 drivers
v0x1598320f0_0 .net *"_ivl_100", 0 0, L_0x1598370c0;  1 drivers
L_0x1400684d8 .functor BUFT 1, C4<001111>, C4<0>, C4<0>, C4<0>;
v0x1598321e0_0 .net/2u *"_ivl_104", 5 0, L_0x1400684d8;  1 drivers
v0x159832290_0 .net *"_ivl_106", 0 0, L_0x1598374b0;  1 drivers
v0x159832330_0 .net *"_ivl_110", 0 0, L_0x1598379c0;  1 drivers
v0x1598323e0_0 .net *"_ivl_114", 0 0, L_0x159837b90;  1 drivers
L_0x140068010 .functor BUFT 1, C4<1>, C4<0>, C4<0>, C4<0>;
v0x1598324f0_0 .net/2u *"_ivl_14", 0 0, L_0x140068010;  1 drivers
L_0x140068058 .functor BUFT 1, C4<1>, C4<0>, C4<0>, C4<0>;
v0x1598325a0_0 .net/2u *"_ivl_18", 0 0, L_0x140068058;  1 drivers
v0x159832650_0 .net *"_ivl_22", 7 0, L_0x159835810;  1 drivers
L_0x1400680a0 .functor BUFT 1, C4<0000>, C4<0>, C4<0>, C4<0>;
v0x159832700_0 .net *"_ivl_25", 3 0, L_0x1400680a0;  1 drivers
v0x1598327b0_0 .net *"_ivl_26", 7 0, L_0x159835940;  1 drivers
L_0x1400680e8 .functor BUFT 1, C4<0000>, C4<0>, C4<0>, C4<0>;
v0x159832860_0 .net *"_ivl_29", 3 0, L_0x1400680e8;  1 drivers
v0x159832910_0 .net *"_ivl_35", 2 0, L_0x159835cc0;  1 drivers
v0x1598329c0_0 .net *"_ivl_37", 2 0, L_0x159835dd0;  1 drivers
v0x159832b50_0 .net *"_ivl_40", 4 0, L_0x159836050;  1 drivers
L_0x140068130 .functor BUFT 1, C4<0>, C4<0>, C4<0>, C4<0>;
v0x159832be0_0 .net *"_ivl_43", 0 0, L_0x140068130;  1 drivers
v0x159832c90_0 .net *"_ivl_44", 4 0, L_0x1598361b0;  1 drivers
L_0x140068178 .functor BUFT 1, C4<0>, C4<0>, C4<0>, C4<0>;
v0x159832d40_0 .net *"_ivl_47", 0 0, L_0x140068178;  1 drivers
v0x159832df0_0 .net *"_ivl_50", 5 0, L_0x159836440;  1 drivers
L_0x1400681c0 .functor BUFT 1, C4<0>, C4<0>, C4<0>, C4<0>;
v0x159832ea0_0 .net *"_ivl_53", 0 0, L_0x1400681c0;  1 drivers
L_0x140068208 .functor BUFT 1, C4<000111>, C4<0>, C4<0>, C4<0>;
v0x159832f50_0 .net/2u *"_ivl_54", 5 0, L_0x140068208;  1 drivers
L_0x140068250 .functor BUFT 1, C4<00000>, C4<0>, C4<0>, C4<0>;
v0x159833000_0 .net/2u *"_ivl_58", 4 0, L_0x140068250;  1 drivers
L_0x140068298 .functor BUFT 1, C4<0000>, C4<0>, C4<0>, C4<0>;
v0x1598330b0_0 .net/2u *"_ivl_64", 3 0, L_0x140068298;  1 drivers
L_0x1400682e0 .functor BUFT 1, C4<0000>, C4<0>, C4<0>, C4<0>;
v0x159833160_0 .net/2u *"_ivl_68", 3 0, L_0x1400682e0;  1 drivers
L_0x140068328 .functor BUFT 1, C4<1111>, C4<0>, C4<0>, C4<0>;
v0x159833210_0 .net/2u *"_ivl_72", 3 0, L_0x140068328;  1 drivers
L_0x140068370 .functor BUFT 1, C4<1111>, C4<0>, C4<0>, C4<0>;
v0x1598332c0_0 .net/2u *"_ivl_76", 3 0, L_0x140068370;  1 drivers
L_0x1400683b8 .functor BUFT 1, C4<0000000>, C4<0>, C4<0>, C4<0>;
v0x159833370_0 .net/2u *"_ivl_80", 6 0, L_0x1400683b8;  1 drivers
L_0x140068400 .functor BUFT 1, C4<1111>, C4<0>, C4<0>, C4<0>;
v0x159833420_0 .net/2u *"_ivl_84", 3 0, L_0x140068400;  1 drivers
L_0x140068448 .functor BUFT 1, C4<000>, C4<0>, C4<0>, C4<0>;
v0x1598334d0_0 .net/2u *"_ivl_86", 2 0, L_0x140068448;  1 drivers
v0x159833580_0 .net *"_ivl_91", 3 0, L_0x159836fe0;  1 drivers
L_0x140068490 .functor BUFT 1, C4<000000>, C4<0>, C4<0>, C4<0>;
v0x159832a70_0 .net/2u *"_ivl_94", 5 0, L_0x140068490;  1 drivers
v0x159833810_0 .net *"_ivl_96", 0 0, L_0x1598373d0;  1 drivers
v0x1598338a0_0 .net *"_ivl_99", 0 0, L_0x159837570;  1 drivers
v0x159833930_0 .net "_res_exp_T", 5 0, L_0x159836600;  1 drivers
v0x1598339e0_0 .net "_result_T", 7 0, L_0x159836d60;  1 drivers
v0x159833a90_0 .net "_result_T_1", 7 0, L_0x159836c10;  1 drivers
v0x159833b40_0 .net "_result_T_5", 7 0, L_0x1598371b0;  1 drivers
v0x159833bf0_0 .net "a_exp", 3 0, L_0x159834fd0;  1 drivers
v0x159833ca0_0 .net "a_inf", 0 0, L_0x159836af0;  1 drivers
v0x159833d40_0 .net "a_mant", 2 0, L_0x159835070;  1 drivers
v0x159833df0_0 .net "a_mant_full", 3 0, L_0x159835570;  1 drivers
v0x159833ea0_0 .net "a_sign", 0 0, L_0x159834ed0;  1 drivers
v0x159833f40_0 .net "a_zero", 0 0, L_0x159836910;  1 drivers
v0x159833fe0_0 .net "b_exp", 3 0, L_0x1598352b0;  1 drivers
v0x159834090_0 .net "b_inf", 0 0, L_0x1598369f0;  1 drivers
v0x159834130_0 .net "b_mant", 2 0, L_0x159835380;  1 drivers
v0x1598341e0_0 .net "b_mant_full", 3 0, L_0x1598356f0;  1 drivers
v0x159834290_0 .net "b_sign", 0 0, L_0x1598351d0;  1 drivers
v0x159834330_0 .net "b_zero", 0 0, L_0x1598367c0;  1 drivers
v0x1598343d0_0 .net "clock", 0 0, v0x159834ba0_0;  1 drivers
v0x159834470_0 .net "exp_sum", 4 0, L_0x159836360;  1 drivers
v0x159834520_0 .net "io_a", 7 0, v0x159834c30_0;  1 drivers
v0x1598345d0_0 .net "io_b", 7 0, v0x159834cc0_0;  1 drivers
v0x159834680_0 .net "io_c", 7 0, L_0x159837c80;  alias, 1 drivers
v0x159834730_0 .net "mant_product", 7 0, L_0x159835aa0;  1 drivers
v0x1598347e0_0 .net "norm_mant", 2 0, L_0x159835ef0;  1 drivers
v0x159834890_0 .net "normalize", 0 0, L_0x159835c20;  1 drivers
v0x159834930_0 .net "res_exp", 5 0, L_0x159836520;  1 drivers
v0x1598349e0_0 .net "res_sign", 0 0, L_0x1598354a0;  1 drivers
v0x159834a80_0 .net "reset", 0 0, v0x159834e00_0;  1 drivers
L_0x159834ed0 .part v0x159834c30_0, 7, 1;
L_0x159834fd0 .part v0x159834c30_0, 3, 4;
L_0x159835070 .part v0x159834c30_0, 0, 3;
L_0x1598351d0 .part v0x159834cc0_0, 7, 1;
L_0x1598352b0 .part v0x159834cc0_0, 3, 4;
L_0x159835380 .part v0x159834cc0_0, 0, 3;
L_0x159835570 .concat [ 3 1 0 0], L_0x159835070, L_0x140068010;
L_0x1598356f0 .concat [ 3 1 0 0], L_0x159835380, L_0x140068058;
L_0x159835810 .concat [ 4 4 0 0], L_0x159835570, L_0x1400680a0;
L_0x159835940 .concat [ 4 4 0 0], L_0x1598356f0, L_0x1400680e8;
L_0x159835aa0 .arith/mult 8, L_0x159835810, L_0x159835940;
L_0x159835c20 .part L_0x159835aa0, 7, 1;
L_0x159835cc0 .part L_0x159835aa0, 4, 3;
L_0x159835dd0 .part L_0x159835aa0, 3, 3;
L_0x159835ef0 .functor MUXZ 3, L_0x159835dd0, L_0x159835cc0, L_0x159835c20, C4<>;
L_0x159836050 .concat [ 4 1 0 0], L_0x159834fd0, L_0x140068130;
L_0x1598361b0 .concat [ 4 1 0 0], L_0x1598352b0, L_0x140068178;
L_0x159836360 .arith/sum 5, L_0x159836050, L_0x1598361b0;
L_0x159836440 .concat [ 5 1 0 0], L_0x159836360, L_0x1400681c0;
L_0x159836600 .arith/sub 6, L_0x159836440, L_0x140068208;
L_0x159836720 .concat [ 1 5 0 0], L_0x159835c20, L_0x140068250;
L_0x159836520 .arith/sum 6, L_0x159836600, L_0x159836720;
L_0x159836910 .cmp/eq 4, L_0x159834fd0, L_0x140068298;
L_0x1598367c0 .cmp/eq 4, L_0x1598352b0, L_0x1400682e0;
L_0x159836af0 .cmp/eq 4, L_0x159834fd0, L_0x140068328;
L_0x1598369f0 .cmp/eq 4, L_0x1598352b0, L_0x140068370;
L_0x159836d60 .concat [ 7 1 0 0], L_0x1400683b8, L_0x1598354a0;
L_0x159836c10 .concat [ 3 4 1 0], L_0x140068448, L_0x140068400, L_0x1598354a0;
L_0x159836fe0 .part L_0x159836520, 0, 4;
L_0x1598371b0 .concat [ 3 4 1 0], L_0x159835ef0, L_0x159836fe0, L_0x1598354a0;
L_0x1598373d0 .cmp/eq 6, L_0x159836520, L_0x140068490;
L_0x159837570 .part L_0x159836520, 4, 1;
L_0x159837610 .functor MUXZ 8, L_0x1598371b0, L_0x159836d60, L_0x1598370c0, C4<>;
L_0x1598374b0 .cmp/ge 6, L_0x159836520, L_0x1400684d8;
L_0x159837800 .functor MUXZ 8, L_0x159837610, L_0x159836c10, L_0x1598374b0, C4<>;
L_0x159837a70 .functor MUXZ 8, L_0x159837800, L_0x159836c10, L_0x1598379c0, C4<>;
L_0x159837c80 .functor MUXZ 8, L_0x159837a70, L_0x159836d60, L_0x159837b90, C4<>;
    .scope S_0x159817dd0;
T_0 ;
    %delay 5000, 0;
    %load/vec4 v0x159834ba0_0;
    %inv;
    %store/vec4 v0x159834ba0_0, 0, 1;
    %jmp T_0;
    .thread T_0;
    .scope S_0x159817dd0;
T_1 ;
    %pushi/vec4 0, 0, 1;
    %store/vec4 v0x159834ba0_0, 0, 1;
    %pushi/vec4 1, 0, 1;
    %store/vec4 v0x159834e00_0, 0, 1;
    %pushi/vec4 0, 0, 8;
    %store/vec4 v0x159834c30_0, 0, 8;
    %pushi/vec4 0, 0, 8;
    %store/vec4 v0x159834cc0_0, 0, 8;
    %delay 10000, 0;
    %pushi/vec4 0, 0, 1;
    %store/vec4 v0x159834e00_0, 0, 1;
    %pushi/vec4 66, 0, 8;
    %store/vec4 v0x159834c30_0, 0, 8;
    %pushi/vec4 48, 0, 8;
    %store/vec4 v0x159834cc0_0, 0, 8;
    %delay 10000, 0;
    %vpi_call 2 35 "$display", "Test 1: 2.5 * 0.5 = %b (Expected: 00111010)", v0x159834d50_0 {0 0 0};
    %pushi/vec4 34, 0, 8;
    %store/vec4 v0x159834c30_0, 0, 8;
    %pushi/vec4 48, 0, 8;
    %store/vec4 v0x159834cc0_0, 0, 8;
    %delay 10000, 0;
    %vpi_call 2 40 "$display", "Test 2: 0.15625 * 0.5 = %b (Expected: 00011010)", v0x159834d50_0 {0 0 0};
    %pushi/vec4 72, 0, 8;
    %store/vec4 v0x159834c30_0, 0, 8;
    %pushi/vec4 64, 0, 8;
    %store/vec4 v0x159834cc0_0, 0, 8;
    %delay 10000, 0;
    %vpi_call 2 45 "$display", "Test 3: 3.0 * 2.0 = %b (Expected: 01010000)", v0x159834d50_0 {0 0 0};
    %pushi/vec4 0, 0, 8;
    %store/vec4 v0x159834c30_0, 0, 8;
    %pushi/vec4 66, 0, 8;
    %store/vec4 v0x159834cc0_0, 0, 8;
    %delay 10000, 0;
    %vpi_call 2 50 "$display", "Test 4: 0.0 * 2.5 = %b (Expected: 00000000)", v0x159834d50_0 {0 0 0};
    %pushi/vec4 64, 0, 8;
    %store/vec4 v0x159834c30_0, 0, 8;
    %pushi/vec4 66, 0, 8;
    %store/vec4 v0x159834cc0_0, 0, 8;
    %delay 10000, 0;
    %vpi_call 2 55 "$display", "Test 5: 2.0 * 2.5 = %b (Expected: 01001010)", v0x159834d50_0 {0 0 0};
    %vpi_call 2 57 "$finish" {0 0 0};
    %end;
    .thread T_1;
# The file index is used to find the file name in the following table.
:file_names 4;
    "N/A";
    "<interactive>";
    "FloatMul8_tb.v";
    "FloatMul8.v";
