2025.03.29 22:12:15 INFO  Started: Metals version 1.5.2 in folders '/Users/apple/Desktop/Fp8-Quantization' for client Visual Studio Code 1.98.2.
Mar 29, 2025 10:12:16 PM org.eclipse.lsp4j.jsonrpc.services.GenericEndpoint notify
INFO: Unsupported notification method: $/setTrace
Mar 29, 2025 10:12:16 PM org.eclipse.lsp4j.jsonrpc.services.GenericEndpoint notify
INFO: Unsupported notification method: $/setTrace
Mar 29, 2025 10:12:17 PM org.eclipse.lsp4j.jsonrpc.services.GenericEndpoint notify
INFO: Unsupported notification method: $/setTrace
2025.03.29 22:12:24 INFO  no build target found for /Users/apple/Desktop/Fp8-Quantization/src/main/scala/fpga/Main.scala. Using presentation compiler with project's scala-library version: 3.3.5
2025.03.29 22:12:24 WARN  no build target for: /Users/apple/Desktop/Fp8-Quantization/src/main/scala/fpga/Main.scala
2025.03.29 22:12:24 INFO  no build target found for /Users/apple/Desktop/Fp8-Quantization/src/main/scala/fpga/Main.scala. Using presentation compiler with project's scala-library version: 3.3.5
2025.03.29 22:12:24 INFO  no build target found for /Users/apple/Desktop/Fp8-Quantization/src/main/scala/fpga/Main.scala. Using presentation compiler with project's scala-library version: 3.3.5
2025.03.29 22:12:26 INFO  no build target found for /Users/apple/Desktop/Fp8-Quantization/src/main/scala/Multiple/FloatMul8.scala. Using presentation compiler with project's scala-library version: 3.3.5
2025.03.29 22:12:26 WARN  no build target for: /Users/apple/Desktop/Fp8-Quantization/src/main/scala/Multiple/FloatMul8.scala
2025.03.29 22:12:26 INFO  no build target found for /Users/apple/Desktop/Fp8-Quantization/src/main/scala/Multiple/FloatMul8.scala. Using presentation compiler with project's scala-library version: 3.3.5
2025.03.29 22:12:26 INFO  no build target found for /Users/apple/Desktop/Fp8-Quantization/src/main/scala/Multiple/FloatMul8Test.scala. Using presentation compiler with project's scala-library version: 3.3.5
2025.03.29 22:12:27 WARN  no build target for: /Users/apple/Desktop/Fp8-Quantization/src/main/scala/Multiple/FloatMul8Test.scala
2025.03.29 22:12:26 INFO  no build target found for /Users/apple/Desktop/Fp8-Quantization/src/main/scala/Multiple/FloatMul8Test.scala. Using presentation compiler with project's scala-library version: 3.3.5
2025.03.29 22:12:28 INFO  no build target found for /Users/apple/Desktop/Fp8-Quantization/src/main/scala/Multiple/FloatMul8.scala. Using presentation compiler with project's scala-library version: 3.3.5
2025.03.29 22:12:32 INFO  no build target found for /Users/apple/Desktop/Fp8-Quantization/src/main/scala/Multiple/FloatMul8.scala. Using presentation compiler with project's scala-library version: 3.3.5
2025.03.29 22:12:32 INFO  no build target found for /Users/apple/Desktop/Fp8-Quantization/src/main/scala/Multiple/FloatMul8.scala. Using presentation compiler with project's scala-library version: 3.3.5
2025.03.29 22:12:32 INFO  no build target found for /Users/apple/Desktop/Fp8-Quantization/src/main/scala/Multiple/FloatMul8.scala. Using presentation compiler with project's scala-library version: 3.3.5
2025.03.29 22:12:32 INFO  no build target found for /Users/apple/Desktop/Fp8-Quantization/src/main/scala/Multiple/FloatMul8.scala. Using presentation compiler with project's scala-library version: 3.3.5
2025.03.29 22:12:33 INFO  no build target found for /Users/apple/Desktop/Fp8-Quantization/src/main/scala/Multiple/FloatMul8.scala. Using presentation compiler with project's scala-library version: 3.3.5
2025.03.29 22:12:37 INFO  running '/opt/homebrew/bin/sbt -Dbloop.export-jar-classifiers=sources bloopInstall'
2025.03.29 22:12:37 WARN  no build target for: /Users/apple/Desktop/Fp8-Quantization/project/metals.sbt
2025.03.29 22:12:37 INFO  no build target found for /Users/apple/Desktop/Fp8-Quantization/project/metals.sbt. Using presentation compiler with project's scala-library version: 3.3.5
2025.03.29 22:12:37 WARN  no build target for: /Users/apple/Desktop/Fp8-Quantization/project/project/metals.sbt
2025.03.29 22:12:37 INFO  skipping build import with status 'Dismissed'
2025.03.29 22:12:37 INFO  no build target found for /Users/apple/Desktop/Fp8-Quantization/project/project/metals.sbt. Using presentation compiler with project's scala-library version: 3.3.5
2025.03.29 22:12:39 INFO  no build target found for /Users/apple/Desktop/Fp8-Quantization/src/main/scala/Multiple/FloatMul8.scala. Using presentation compiler with project's scala-library version: 3.3.5
2025.03.29 22:12:40 INFO  [info] Updated file /Users/apple/Desktop/Fp8-Quantization/project/build.properties: set sbt.version to 1.10.7
2025.03.29 22:12:40 INFO  [info] welcome to sbt 1.10.7 (Homebrew Java 17.0.14)
2025.03.29 22:12:41 INFO  skipping build import with status 'Dismissed'
2025.03.29 22:12:41 INFO  no build target found for /Users/apple/Desktop/Fp8-Quantization/src/main/scala/Multiple/FloatMul8.scala. Using presentation compiler with project's scala-library version: 3.3.5
2025.03.29 22:12:40 INFO  [info] loading settings for project fp8-quantization-build-build from metals.sbt...
2025.03.29 22:12:41 INFO  no build target found for /Users/apple/Desktop/Fp8-Quantization/src/main/scala/Multiple/FloatMul8.scala. Using presentation compiler with project's scala-library version: 3.3.5
2025.03.29 22:12:42 INFO  no build target found for /Users/apple/Desktop/Fp8-Quantization/src/main/scala/Multiple/FloatMul8.scala. Using presentation compiler with project's scala-library version: 3.3.5
2025.03.29 22:12:42 INFO  no build target found for /Users/apple/Desktop/Fp8-Quantization/src/main/scala/Multiple/FloatMul8.scala. Using presentation compiler with project's scala-library version: 3.3.5
2025.03.29 22:12:42 INFO  no build target found for /Users/apple/Desktop/Fp8-Quantization/src/main/scala/Multiple/FloatMul8.scala. Using presentation compiler with project's scala-library version: 3.3.5
2025.03.29 22:12:42 INFO  no build target found for /Users/apple/Desktop/Fp8-Quantization/src/main/scala/Multiple/FloatMul8.scala. Using presentation compiler with project's scala-library version: 3.3.5
2025.03.29 22:12:44 INFO  [info] loading project definition from /Users/apple/Desktop/Fp8-Quantization/project/project
2025.03.29 22:12:45 INFO  no build target found for /Users/apple/Desktop/Fp8-Quantization/src/main/scala/Multiple/FloatMul8.scala. Using presentation compiler with project's scala-library version: 3.3.5
2025.03.29 22:12:46 INFO  no build target found for /Users/apple/Desktop/Fp8-Quantization/src/main/scala/Multiple/FloatMul8.scala. Using presentation compiler with project's scala-library version: 3.3.5
2025.03.29 22:12:46 INFO  no build target found for /Users/apple/Desktop/Fp8-Quantization/src/main/scala/Multiple/FloatMul8.scala. Using presentation compiler with project's scala-library version: 3.3.5
2025.03.29 22:12:46 INFO  no build target found for /Users/apple/Desktop/Fp8-Quantization/src/main/scala/Multiple/FloatMul8.scala. Using presentation compiler with project's scala-library version: 3.3.5
2025.03.29 22:12:47 INFO  no build target found for /Users/apple/Desktop/Fp8-Quantization/src/main/scala/Multiple/FloatMul8.scala. Using presentation compiler with project's scala-library version: 3.3.5
2025.03.29 22:12:47 INFO  [info] loading settings for project fp8-quantization-build from metals.sbt...
2025.03.29 22:12:47 INFO  [info] loading project definition from /Users/apple/Desktop/Fp8-Quantization/project
2025.03.29 22:12:47 INFO  no build target found for /Users/apple/Desktop/Fp8-Quantization/src/main/scala/Multiple/FloatMul8.scala. Using presentation compiler with project's scala-library version: 3.3.5
2025.03.29 22:12:47 INFO  no build target found for /Users/apple/Desktop/Fp8-Quantization/src/main/scala/Multiple/FloatMul8.scala. Using presentation compiler with project's scala-library version: 3.3.5
2025.03.29 22:12:47 INFO  no build target found for /Users/apple/Desktop/Fp8-Quantization/src/main/scala/Multiple/FloatMul8.scala. Using presentation compiler with project's scala-library version: 3.3.5
2025.03.29 22:12:48 INFO  [success] Generated .bloop/fp8-quantization-build.json
2025.03.29 22:12:48 INFO  [success] Total time: 1 s, completed Mar 29, 2025, 10:12:48 PM
2025.03.29 22:12:49 ERROR /Users/apple/Desktop/Fp8-Quantization/build.sbt:13: warning: method sonatypeRepo in class ResolverFunctions is deprecated (since 1.7.0): Use sonatypeOssRepos instead e.g. `resolvers ++= Resolver.sonatypeOssRepos("snapshots")`
2025.03.29 22:12:49 ERROR   Resolver.sonatypeRepo("snapshots"),
2025.03.29 22:12:49 ERROR            ^
2025.03.29 22:12:49 ERROR /Users/apple/Desktop/Fp8-Quantization/build.sbt:14: warning: method sonatypeRepo in class ResolverFunctions is deprecated (since 1.7.0): Use sonatypeOssRepos instead e.g. `resolvers ++= Resolver.sonatypeOssRepos("snapshots")`
2025.03.29 22:12:49 ERROR   Resolver.sonatypeRepo("releases")
2025.03.29 22:12:49 INFO  no build target found for /Users/apple/Desktop/Fp8-Quantization/src/main/scala/Multiple/FloatMul8.scala. Using presentation compiler with project's scala-library version: 3.3.5
2025.03.29 22:12:49 ERROR            ^
2025.03.29 22:12:49 INFO  no build target found for /Users/apple/Desktop/Fp8-Quantization/src/main/scala/Multiple/FloatMul8.scala. Using presentation compiler with project's scala-library version: 3.3.5
2025.03.29 22:12:50 INFO  no build target found for /Users/apple/Desktop/Fp8-Quantization/src/main/scala/Multiple/FloatMul8.scala. Using presentation compiler with project's scala-library version: 3.3.5
2025.03.29 22:12:49 INFO  no build target found for /Users/apple/Desktop/Fp8-Quantization/src/main/scala/Multiple/FloatMul8.scala. Using presentation compiler with project's scala-library version: 3.3.5
2025.03.29 22:12:50 INFO  no build target found for /Users/apple/Desktop/Fp8-Quantization/src/main/scala/Multiple/FloatMul8.scala. Using presentation compiler with project's scala-library version: 3.3.5
2025.03.29 22:12:50 INFO  [info] loading settings for project fp8-quantization from build.sbt...
2025.03.29 22:12:50 INFO  [info] set current project to chiseltest (in build file:/Users/apple/Desktop/Fp8-Quantization/)
2025.03.29 22:12:51 INFO  no build target found for /Users/apple/Desktop/Fp8-Quantization/src/main/scala/Multiple/FloatMul8.scala. Using presentation compiler with project's scala-library version: 3.3.5
2025.03.29 22:12:51 INFO  no build target found for /Users/apple/Desktop/Fp8-Quantization/src/main/scala/Multiple/FloatMul8.scala. Using presentation compiler with project's scala-library version: 3.3.5
2025.03.29 22:12:52 INFO  no build target found for /Users/apple/Desktop/Fp8-Quantization/src/main/scala/Multiple/FloatMul8.scala. Using presentation compiler with project's scala-library version: 3.3.5
2025.03.29 22:12:51 INFO  no build target found for /Users/apple/Desktop/Fp8-Quantization/src/main/scala/Multiple/FloatMul8.scala. Using presentation compiler with project's scala-library version: 3.3.5
2025.03.29 22:12:52 INFO  no build target found for /Users/apple/Desktop/Fp8-Quantization/src/main/scala/Multiple/FloatMul8.scala. Using presentation compiler with project's scala-library version: 3.3.5
2025.03.29 22:12:53 INFO  no build target found for /Users/apple/Desktop/Fp8-Quantization/src/main/scala/Multiple/FloatMul8.scala. Using presentation compiler with project's scala-library version: 3.3.5
2025.03.29 22:12:53 INFO  no build target found for /Users/apple/Desktop/Fp8-Quantization/src/main/scala/Multiple/FloatMul8.scala. Using presentation compiler with project's scala-library version: 3.3.5
2025.03.29 22:12:53 INFO  no build target found for /Users/apple/Desktop/Fp8-Quantization/src/main/scala/Multiple/FloatMul8.scala. Using presentation compiler with project's scala-library version: 3.3.5
2025.03.29 22:12:53 INFO  no build target found for /Users/apple/Desktop/Fp8-Quantization/src/main/scala/Multiple/FloatMul8.scala. Using presentation compiler with project's scala-library version: 3.3.5
2025.03.29 22:12:55 INFO  no build target found for /Users/apple/Desktop/Fp8-Quantization/src/main/scala/Multiple/FloatMul8.scala. Using presentation compiler with project's scala-library version: 3.3.5
2025.03.29 22:12:55 INFO  no build target found for /Users/apple/Desktop/Fp8-Quantization/src/main/scala/Multiple/FloatMul8.scala. Using presentation compiler with project's scala-library version: 3.3.5
2025.03.29 22:12:55 INFO  no build target found for /Users/apple/Desktop/Fp8-Quantization/src/main/scala/Multiple/FloatMul8.scala. Using presentation compiler with project's scala-library version: 3.3.5
2025.03.29 22:12:55 INFO  no build target found for /Users/apple/Desktop/Fp8-Quantization/src/main/scala/Multiple/FloatMul8.scala. Using presentation compiler with project's scala-library version: 3.3.5
2025.03.29 22:12:55 INFO  no build target found for /Users/apple/Desktop/Fp8-Quantization/src/main/scala/Multiple/FloatMul8.scala. Using presentation compiler with project's scala-library version: 3.3.5
2025.03.29 22:12:56 INFO  no build target found for /Users/apple/Desktop/Fp8-Quantization/src/main/scala/Multiple/FloatMul8.scala. Using presentation compiler with project's scala-library version: 3.3.5
2025.03.29 22:12:56 INFO  no build target found for /Users/apple/Desktop/Fp8-Quantization/src/main/scala/Multiple/FloatMul8.scala. Using presentation compiler with project's scala-library version: 3.3.5
2025.03.29 22:12:56 INFO  no build target found for /Users/apple/Desktop/Fp8-Quantization/src/main/scala/Multiple/FloatMul8.scala. Using presentation compiler with project's scala-library version: 3.3.5
2025.03.29 22:12:57 INFO  no build target found for /Users/apple/Desktop/Fp8-Quantization/src/main/scala/Multiple/FloatMul8.scala. Using presentation compiler with project's scala-library version: 3.3.5
2025.03.29 22:12:57 WARN  no build target for: /Users/apple/Desktop/Fp8-Quantization/src/main/scala/Multiple/FloatMul8.scala
2025.03.29 22:12:58 INFO  [success] Generated .bloop/fp8-quantization-test.json
2025.03.29 22:12:58 INFO  [success] Generated .bloop/fp8-quantization.json
2025.03.29 22:12:58 INFO  [success] Total time: 7 s, completed Mar 29, 2025, 10:12:58 PM
2025.03.29 22:12:58 INFO  time: ran 'sbt bloopInstall' in 20s
2025.03.29 22:12:58 INFO  Attempting to connect to the build server...
2025.03.29 22:12:58 INFO  Found a Bloop server running
2025.03.29 22:12:58 INFO  tracing is disabled for protocol BSP, to enable tracing of incoming and outgoing JSON messages create an empty file at /Users/apple/Desktop/Fp8-Quantization/.metals/bsp.trace.json or /Users/apple/Library/Caches/org.scalameta.metals/bsp.trace.json
2025.03.29 22:12:58 INFO  Attempting to connect to the build server...
2025.03.29 22:12:58 INFO  Found a Bloop server running
2025.03.29 22:12:58 INFO  tracing is disabled for protocol BSP, to enable tracing of incoming and outgoing JSON messages create an empty file at /Users/apple/Desktop/Fp8-Quantization/project/.metals/bsp.trace.json or /Users/apple/Library/Caches/org.scalameta.metals/bsp.trace.json
2025.03.29 22:12:58 INFO  time: Connected to build server in 0.43s
2025.03.29 22:12:58 INFO  Connected to Build server: Bloop v2.0.9
2025.03.29 22:12:58 WARN  2.12.16 is no longer supported in the current Metals versions, using the last known supported version 1.3.5
2025.03.29 22:13:09 INFO  time: indexed workspace in 10s
2025.03.29 22:13:09 INFO  compiling fp8-quantization (12 scala sources)
2025.03.29 22:13:11 INFO  time: compiled fp8-quantization in 1.99s
2025.03.29 22:13:11 INFO  compiling fp8-quantization-test (1 scala source)
2025.03.29 22:13:11 INFO  time: compiled fp8-quantization-test in 0.44s
2025.03.29 22:13:13 INFO  compiling fp8-quantization (1 scala source)
2025.03.29 22:13:13 INFO  time: compiled fp8-quantization in 0.7s
Mar 29, 2025 10:13:17 PM org.eclipse.lsp4j.jsonrpc.services.GenericEndpoint notify
INFO: Unsupported notification method: $/setTrace
2025.03.29 22:13:34 INFO  compiling fp8-quantization (1 scala source)
2025.03.29 22:13:34 INFO  time: compiled fp8-quantization in 0.76s
Mar 29, 2025 10:13:41 PM org.eclipse.lsp4j.jsonrpc.services.GenericEndpoint notify
INFO: Unsupported notification method: $/setTrace
